<?xml version="1.0" encoding="UTF-8" ?>
<testsuite tests="8" failures="0" name="com.homesweethome.javacodingproblems.chapter01.CountingDuplicateCharactersTest" time="0.022" errors="0" skipped="0">
  <properties>
    <property name="java.runtime.name" value="Java(TM) SE Runtime Environment"/>
    <property name="java.vm.version" value="17.0.1+12-LTS-39"/>
    <property name="sun.boot.library.path" value="C:\Program Files\Java\jdk-17.0.1\bin"/>
    <property name="maven.multiModuleProjectDirectory" value="C:\Workspace\Projects\Java\JavaCodingProblems"/>
    <property name="java.vm.vendor" value="Oracle Corporation"/>
    <property name="java.vendor.url" value="https://java.oracle.com/"/>
    <property name="guice.disable.misplaced.annotation.check" value="true"/>
    <property name="path.separator" value=";"/>
    <property name="java.vm.name" value="Java HotSpot(TM) 64-Bit Server VM"/>
    <property name="sun.os.patch.level" value=""/>
    <property name="user.script" value=""/>
    <property name="user.country" value="FR"/>
    <property name="sun.java.launcher" value="SUN_STANDARD"/>
    <property name="java.vm.specification.name" value="Java Virtual Machine Specification"/>
    <property name="user.dir" value="C:\Workspace\Projects\Java\JavaCodingProblems"/>
    <property name="java.vm.compressedOopsMode" value="32-bit"/>
    <property name="java.runtime.version" value="17.0.1+12-LTS-39"/>
    <property name="os.arch" value="amd64"/>
    <property name="java.io.tmpdir" value="C:\Users\bilel\AppData\Local\Temp\"/>
    <property name="line.separator" value="
"/>
    <property name="java.vm.specification.vendor" value="Oracle Corporation"/>
    <property name="user.variant" value=""/>
    <property name="os.name" value="Windows 10"/>
    <property name="maven.ext.class.path" value="C:\Program Files\NetBeans-12.6\netbeans\java\maven-nblib\netbeans-eventspy.jar"/>
    <property name="classworlds.conf" value="C:\Program Files\NetBeans-12.6\netbeans\java\maven\bin\..\bin\m2.conf"/>
    <property name="sun.jnu.encoding" value="Cp1252"/>
    <property name="java.library.path" value="C:\Program Files\Java\jdk-17.0.1\bin;C:\Windows\Sun\Java\bin;C:\Windows\system32;C:\Windows;C:\Program Files\Common Files\Oracle\Java\javapath;C:\Program Files\Microsoft\jdk-11.0.12.7-hotspot\bin;C:\Windows\system32;C:\Windows;C:\Windows\System32\Wbem;C:\Windows\System32\WindowsPowerShell\v1.0\;C:\Windows\System32\OpenSSH\;C:\Program Files\Microsoft SQL Server\150\Tools\Binn\;C:\Program Files\Microsoft SQL Server\Client SDK\ODBC\170\Tools\Binn\;C:\Program Files (x86)\IncrediBuild;C:\Program Files\dotnet\;C:\Users\bilel\AppData\Local\Microsoft\WindowsApps;C:\Users\bilel\.dotnet\tools;."/>
    <property name="maven.conf" value="C:\Program Files\NetBeans-12.6\netbeans\java\maven\bin\../conf"/>
    <property name="jdk.debug" value="release"/>
    <property name="java.class.version" value="61.0"/>
    <property name="java.specification.name" value="Java Platform API Specification"/>
    <property name="sun.management.compiler" value="HotSpot 64-Bit Tiered Compilers"/>
    <property name="os.version" value="10.0"/>
    <property name="library.jansi.path" value="C:\Program Files\NetBeans-12.6\netbeans\java\maven\bin\..\lib\jansi-native"/>
    <property name="user.home" value="C:\Users\bilel"/>
    <property name="user.timezone" value="Europe/Paris"/>
    <property name="file.encoding" value="UTF-8"/>
    <property name="java.specification.version" value="17"/>
    <property name="user.name" value="bilel"/>
    <property name="java.class.path" value="C:\Program Files\NetBeans-12.6\netbeans\java\maven\bin\..\boot\plexus-classworlds-2.6.0.jar"/>
    <property name="java.vm.specification.version" value="17"/>
    <property name="sun.arch.data.model" value="64"/>
    <property name="sun.java.command" value="org.codehaus.plexus.classworlds.launcher.Launcher -Dmaven.ext.class.path=C:\Program Files\NetBeans-12.6\netbeans\java\maven-nblib\netbeans-eventspy.jar -Dfile.encoding=UTF-8 test"/>
    <property name="java.home" value="C:\Program Files\Java\jdk-17.0.1"/>
    <property name="user.language" value="fr"/>
    <property name="java.specification.vendor" value="Oracle Corporation"/>
    <property name="java.vm.info" value="mixed mode, sharing"/>
    <property name="java.version" value="17.0.1"/>
    <property name="native.encoding" value="Cp1252"/>
    <property name="java.vendor" value="Oracle Corporation"/>
    <property name="maven.home" value="C:\Program Files\NetBeans-12.6\netbeans\java\maven\bin\.."/>
    <property name="file.separator" value="\"/>
    <property name="java.version.date" value="2021-10-19"/>
    <property name="java.vendor.url.bug" value="https://bugreport.java.com/bugreport/"/>
    <property name="sun.io.unicode.encoding" value="UnicodeLittle"/>
    <property name="sun.cpu.endian" value="little"/>
    <property name="sun.cpu.isalist" value="amd64"/>
  </properties>
  <testcase classname="com.homesweethome.javacodingproblems.chapter01.CountingDuplicateCharactersTest" name="com.homesweethome.javacodingproblems.chapter01.CountingDuplicateCharactersTest.testSummaryWithASentenceWithOneCharacterDuplicated" time="0.021"/>
  <testcase classname="com.homesweethome.javacodingproblems.chapter01.CountingDuplicateCharactersTest" name="com.homesweethome.javacodingproblems.chapter01.CountingDuplicateCharactersTest.testInspectWithASentenceWithNoDuplicateCharacters" time="0"/>
  <testcase classname="com.homesweethome.javacodingproblems.chapter01.CountingDuplicateCharactersTest" name="com.homesweethome.javacodingproblems.chapter01.CountingDuplicateCharactersTest.testSummaryWithASentenceWithAllCharactersDuplicated" time="0.001"/>
  <testcase classname="com.homesweethome.javacodingproblems.chapter01.CountingDuplicateCharactersTest" name="com.homesweethome.javacodingproblems.chapter01.CountingDuplicateCharactersTest.testInspectWithASentenceWithAllCharactersDuplicated" time="0"/>
  <testcase classname="com.homesweethome.javacodingproblems.chapter01.CountingDuplicateCharactersTest" name="com.homesweethome.javacodingproblems.chapter01.CountingDuplicateCharactersTest.testInspectWithEmptySentence" time="0"/>
  <testcase classname="com.homesweethome.javacodingproblems.chapter01.CountingDuplicateCharactersTest" name="com.homesweethome.javacodingproblems.chapter01.CountingDuplicateCharactersTest.testSummary" time="0"/>
  <testcase classname="com.homesweethome.javacodingproblems.chapter01.CountingDuplicateCharactersTest" name="com.homesweethome.javacodingproblems.chapter01.CountingDuplicateCharactersTest.testInspect" time="0"/>
  <testcase classname="com.homesweethome.javacodingproblems.chapter01.CountingDuplicateCharactersTest" name="com.homesweethome.javacodingproblems.chapter01.CountingDuplicateCharactersTest.testMain" time="0"/>
</testsuite>